{"__type":"$$EventMessageAudit","id":"08941060-3df4-4d7a-bdf4-d913e848339b","ts":"2025-10-08T11:27:45.716-04:00","eventName":"n8n.audit.workflow.updated","message":"n8n.audit.workflow.updated","payload":{"userId":"845dcc6c-8073-48df-816c-725aeb6093f5","_email":"dariopruebas@hotmail.com","_firstName":"Dario","_lastName":"PruebaB","globalRole":"global:owner","workflowId":"7QpWYAveAZL9mQWM","workflowName":"My workflow"}}
{"__type":"$$EventMessageConfirm","confirm":"08941060-3df4-4d7a-bdf4-d913e848339b","ts":"2025-10-08T11:27:45.716-04:00","source":{"id":"0","name":"eventBus"}}
{"__type":"$$EventMessageAudit","id":"ca5e14c5-9fe0-41d3-8174-563d50447572","ts":"2025-10-08T11:27:56.535-04:00","eventName":"n8n.audit.workflow.updated","message":"n8n.audit.workflow.updated","payload":{"userId":"845dcc6c-8073-48df-816c-725aeb6093f5","_email":"dariopruebas@hotmail.com","_firstName":"Dario","_lastName":"PruebaB","globalRole":"global:owner","workflowId":"7QpWYAveAZL9mQWM","workflowName":"My workflow"}}
{"__type":"$$EventMessageConfirm","confirm":"ca5e14c5-9fe0-41d3-8174-563d50447572","ts":"2025-10-08T11:27:56.535-04:00","source":{"id":"0","name":"eventBus"}}
{"__type":"$$EventMessageWorkflow","id":"30011c26-574c-4249-bf62-b078e38ba9b3","ts":"2025-10-08T11:31:36.928-04:00","eventName":"n8n.workflow.started","message":"n8n.workflow.started","payload":{"executionId":"41","workflowId":"7QpWYAveAZL9mQWM","isManual":false,"workflowName":"My workflow"}}
{"__type":"$$EventMessageConfirm","confirm":"30011c26-574c-4249-bf62-b078e38ba9b3","ts":"2025-10-08T11:31:36.928-04:00","source":{"id":"0","name":"eventBus"}}
{"__type":"$$EventMessageNode","id":"923b2da5-61c6-4505-9a80-1bc6f30c2487","ts":"2025-10-08T11:31:36.931-04:00","eventName":"n8n.node.started","message":"n8n.node.started","payload":{"workflowId":"7QpWYAveAZL9mQWM","workflowName":"My workflow","executionId":"41","nodeType":"n8n-nodes-base.webhook","nodeName":"Entrada","nodeId":"2c82bab7-1983-41dd-b68b-455074dbef3a"}}
{"__type":"$$EventMessageConfirm","confirm":"923b2da5-61c6-4505-9a80-1bc6f30c2487","ts":"2025-10-08T11:31:36.932-04:00","source":{"id":"0","name":"eventBus"}}
{"__type":"$$EventMessageNode","id":"2b07c55b-71ea-4ef1-81bf-103036baad69","ts":"2025-10-08T11:31:36.935-04:00","eventName":"n8n.node.finished","message":"n8n.node.finished","payload":{"workflowId":"7QpWYAveAZL9mQWM","workflowName":"My workflow","executionId":"41","nodeType":"n8n-nodes-base.webhook","nodeName":"Entrada","nodeId":"2c82bab7-1983-41dd-b68b-455074dbef3a"}}
{"__type":"$$EventMessageConfirm","confirm":"2b07c55b-71ea-4ef1-81bf-103036baad69","ts":"2025-10-08T11:31:36.935-04:00","source":{"id":"0","name":"eventBus"}}
{"__type":"$$EventMessageNode","id":"98090e92-bb84-439b-b9c2-aaf6dc448a57","ts":"2025-10-08T11:31:36.938-04:00","eventName":"n8n.node.started","message":"n8n.node.started","payload":{"workflowId":"7QpWYAveAZL9mQWM","workflowName":"My workflow","executionId":"41","nodeType":"n8n-nodes-base.httpRequest","nodeName":"GET Columns","nodeId":"98ece18c-3a7b-47c6-a7b2-ed3c52d0c033"}}
{"__type":"$$EventMessageConfirm","confirm":"98090e92-bb84-439b-b9c2-aaf6dc448a57","ts":"2025-10-08T11:31:36.938-04:00","source":{"id":"0","name":"eventBus"}}
{"__type":"$$EventMessageNode","id":"480d587a-e28a-48f1-b8ae-a44318007f0b","ts":"2025-10-08T11:31:36.999-04:00","eventName":"n8n.node.finished","message":"n8n.node.finished","payload":{"workflowId":"7QpWYAveAZL9mQWM","workflowName":"My workflow","executionId":"41","nodeType":"n8n-nodes-base.httpRequest","nodeName":"GET Columns","nodeId":"98ece18c-3a7b-47c6-a7b2-ed3c52d0c033"}}
{"__type":"$$EventMessageConfirm","confirm":"480d587a-e28a-48f1-b8ae-a44318007f0b","ts":"2025-10-08T11:31:36.999-04:00","source":{"id":"0","name":"eventBus"}}
{"__type":"$$EventMessageNode","id":"e265ce07-8b7f-449f-a1b3-30c5ebfce233","ts":"2025-10-08T11:31:37.000-04:00","eventName":"n8n.node.started","message":"n8n.node.started","payload":{"workflowId":"7QpWYAveAZL9mQWM","workflowName":"My workflow","executionId":"41","nodeType":"n8n-nodes-base.code","nodeName":"Code in JavaScript","nodeId":"216a2625-201e-4e68-8a40-0fc753c3fc8e"}}
{"__type":"$$EventMessageConfirm","confirm":"e265ce07-8b7f-449f-a1b3-30c5ebfce233","ts":"2025-10-08T11:31:37.001-04:00","source":{"id":"0","name":"eventBus"}}
{"__type":"$$EventMessageNode","id":"25aef9b9-4fbb-4343-889e-15a0b130a4b9","ts":"2025-10-08T11:31:37.022-04:00","eventName":"n8n.node.finished","message":"n8n.node.finished","payload":{"workflowId":"7QpWYAveAZL9mQWM","workflowName":"My workflow","executionId":"41","nodeType":"n8n-nodes-base.code","nodeName":"Code in JavaScript","nodeId":"216a2625-201e-4e68-8a40-0fc753c3fc8e"}}
{"__type":"$$EventMessageConfirm","confirm":"25aef9b9-4fbb-4343-889e-15a0b130a4b9","ts":"2025-10-08T11:31:37.023-04:00","source":{"id":"0","name":"eventBus"}}
{"__type":"$$EventMessageNode","id":"f27ef9de-8900-49a7-aff7-9dbff354b699","ts":"2025-10-08T11:31:37.024-04:00","eventName":"n8n.node.started","message":"n8n.node.started","payload":{"workflowId":"7QpWYAveAZL9mQWM","workflowName":"My workflow","executionId":"41","nodeType":"n8n-nodes-base.httpRequest","nodeName":"HTTP Request1","nodeId":"a02f000a-c95a-488b-b10a-48518aaaa219"}}
{"__type":"$$EventMessageConfirm","confirm":"f27ef9de-8900-49a7-aff7-9dbff354b699","ts":"2025-10-08T11:31:37.024-04:00","source":{"id":"0","name":"eventBus"}}
{"__type":"$$EventMessageNode","id":"761ad57f-eef5-43fc-8328-70b58e790556","ts":"2025-10-08T11:31:37.040-04:00","eventName":"n8n.node.finished","message":"n8n.node.finished","payload":{"workflowId":"7QpWYAveAZL9mQWM","workflowName":"My workflow","executionId":"41","nodeType":"n8n-nodes-base.httpRequest","nodeName":"HTTP Request1","nodeId":"a02f000a-c95a-488b-b10a-48518aaaa219"}}
{"__type":"$$EventMessageConfirm","confirm":"761ad57f-eef5-43fc-8328-70b58e790556","ts":"2025-10-08T11:31:37.040-04:00","source":{"id":"0","name":"eventBus"}}
{"__type":"$$EventMessageNode","id":"9ea8a6a2-6ca5-4820-9a75-b2024d79558c","ts":"2025-10-08T11:31:37.041-04:00","eventName":"n8n.node.started","message":"n8n.node.started","payload":{"workflowId":"7QpWYAveAZL9mQWM","workflowName":"My workflow","executionId":"41","nodeType":"n8n-nodes-base.set","nodeName":"Edit Fields","nodeId":"aa47e808-edf6-43dd-8979-2324ab01e929"}}
{"__type":"$$EventMessageConfirm","confirm":"9ea8a6a2-6ca5-4820-9a75-b2024d79558c","ts":"2025-10-08T11:31:37.041-04:00","source":{"id":"0","name":"eventBus"}}
{"__type":"$$EventMessageNode","id":"1d3e34ff-d2ed-4b15-8f0d-d06829b2d5f0","ts":"2025-10-08T11:31:37.061-04:00","eventName":"n8n.node.finished","message":"n8n.node.finished","payload":{"workflowId":"7QpWYAveAZL9mQWM","workflowName":"My workflow","executionId":"41","nodeType":"n8n-nodes-base.set","nodeName":"Edit Fields","nodeId":"aa47e808-edf6-43dd-8979-2324ab01e929"}}
{"__type":"$$EventMessageConfirm","confirm":"1d3e34ff-d2ed-4b15-8f0d-d06829b2d5f0","ts":"2025-10-08T11:31:37.061-04:00","source":{"id":"0","name":"eventBus"}}
{"__type":"$$EventMessageNode","id":"d2365922-fce2-493e-9510-d673b227a463","ts":"2025-10-08T11:31:37.062-04:00","eventName":"n8n.node.started","message":"n8n.node.started","payload":{"workflowId":"7QpWYAveAZL9mQWM","workflowName":"My workflow","executionId":"41","nodeType":"n8n-nodes-base.convertToFile","nodeName":"Convert to File","nodeId":"62f22b0e-a357-4e1e-9259-1bba377efa95"}}
{"__type":"$$EventMessageConfirm","confirm":"d2365922-fce2-493e-9510-d673b227a463","ts":"2025-10-08T11:31:37.062-04:00","source":{"id":"0","name":"eventBus"}}
{"__type":"$$EventMessageNode","id":"297ede1a-98b7-4c61-9ea7-57c787bd5d8f","ts":"2025-10-08T11:31:37.068-04:00","eventName":"n8n.node.finished","message":"n8n.node.finished","payload":{"workflowId":"7QpWYAveAZL9mQWM","workflowName":"My workflow","executionId":"41","nodeType":"n8n-nodes-base.convertToFile","nodeName":"Convert to File","nodeId":"62f22b0e-a357-4e1e-9259-1bba377efa95"}}
{"__type":"$$EventMessageConfirm","confirm":"297ede1a-98b7-4c61-9ea7-57c787bd5d8f","ts":"2025-10-08T11:31:37.068-04:00","source":{"id":"0","name":"eventBus"}}
{"__type":"$$EventMessageNode","id":"5dce7784-c6db-4ada-8ffb-4ca6b1172553","ts":"2025-10-08T11:31:37.069-04:00","eventName":"n8n.node.started","message":"n8n.node.started","payload":{"workflowId":"7QpWYAveAZL9mQWM","workflowName":"My workflow","executionId":"41","nodeType":"n8n-nodes-base.emailSend","nodeName":"Send email","nodeId":"e3d6e3e1-aa1c-4812-aa25-8b96fe7af68a"}}
{"__type":"$$EventMessageConfirm","confirm":"5dce7784-c6db-4ada-8ffb-4ca6b1172553","ts":"2025-10-08T11:31:37.069-04:00","source":{"id":"0","name":"eventBus"}}
{"__type":"$$EventMessageNode","id":"141f36d4-0d96-429b-a9cf-39e00a1b528a","ts":"2025-10-08T11:31:40.951-04:00","eventName":"n8n.node.finished","message":"n8n.node.finished","payload":{"workflowId":"7QpWYAveAZL9mQWM","workflowName":"My workflow","executionId":"41","nodeType":"n8n-nodes-base.emailSend","nodeName":"Send email","nodeId":"e3d6e3e1-aa1c-4812-aa25-8b96fe7af68a"}}
{"__type":"$$EventMessageConfirm","confirm":"141f36d4-0d96-429b-a9cf-39e00a1b528a","ts":"2025-10-08T11:31:40.952-04:00","source":{"id":"0","name":"eventBus"}}
{"__type":"$$EventMessageNode","id":"ecef083b-189c-4f8c-900c-c7c69d1223bd","ts":"2025-10-08T11:31:40.953-04:00","eventName":"n8n.node.started","message":"n8n.node.started","payload":{"workflowId":"7QpWYAveAZL9mQWM","workflowName":"My workflow","executionId":"41","nodeType":"n8n-nodes-base.httpRequest","nodeName":"HTTP Request2","nodeId":"3a9212d6-d932-41c9-bad9-45187d383c49"}}
{"__type":"$$EventMessageConfirm","confirm":"ecef083b-189c-4f8c-900c-c7c69d1223bd","ts":"2025-10-08T11:31:40.953-04:00","source":{"id":"0","name":"eventBus"}}
{"__type":"$$EventMessageNode","id":"eefd0c12-df27-4703-99a4-8d927c9d8c3a","ts":"2025-10-08T11:31:40.975-04:00","eventName":"n8n.node.finished","message":"n8n.node.finished","payload":{"workflowId":"7QpWYAveAZL9mQWM","workflowName":"My workflow","executionId":"41","nodeType":"n8n-nodes-base.httpRequest","nodeName":"HTTP Request2","nodeId":"3a9212d6-d932-41c9-bad9-45187d383c49"}}
{"__type":"$$EventMessageConfirm","confirm":"eefd0c12-df27-4703-99a4-8d927c9d8c3a","ts":"2025-10-08T11:31:40.975-04:00","source":{"id":"0","name":"eventBus"}}
{"__type":"$$EventMessageWorkflow","id":"7366897d-a499-48d4-89f0-1716c94eb0e2","ts":"2025-10-08T11:31:40.985-04:00","eventName":"n8n.workflow.success","message":"n8n.workflow.success","payload":{"executionId":"41","success":true,"isManual":true,"workflowId":"7QpWYAveAZL9mQWM","workflowName":"My workflow"}}
{"__type":"$$EventMessageConfirm","confirm":"7366897d-a499-48d4-89f0-1716c94eb0e2","ts":"2025-10-08T11:31:40.985-04:00","source":{"id":"0","name":"eventBus"}}
{"__type":"$$EventMessageWorkflow","id":"103d1930-2324-41d2-b27d-7562d0a5a757","ts":"2025-10-08T11:32:46.926-04:00","eventName":"n8n.workflow.started","message":"n8n.workflow.started","payload":{"executionId":"42","workflowId":"7QpWYAveAZL9mQWM","isManual":false,"workflowName":"My workflow"}}
{"__type":"$$EventMessageConfirm","confirm":"103d1930-2324-41d2-b27d-7562d0a5a757","ts":"2025-10-08T11:32:46.926-04:00","source":{"id":"0","name":"eventBus"}}
{"__type":"$$EventMessageNode","id":"1593bdca-cbbd-4408-9376-4a6bd979654f","ts":"2025-10-08T11:32:46.927-04:00","eventName":"n8n.node.started","message":"n8n.node.started","payload":{"workflowId":"7QpWYAveAZL9mQWM","workflowName":"My workflow","executionId":"42","nodeType":"n8n-nodes-base.webhook","nodeName":"Entrada","nodeId":"2c82bab7-1983-41dd-b68b-455074dbef3a"}}
{"__type":"$$EventMessageConfirm","confirm":"1593bdca-cbbd-4408-9376-4a6bd979654f","ts":"2025-10-08T11:32:46.927-04:00","source":{"id":"0","name":"eventBus"}}
{"__type":"$$EventMessageNode","id":"e5f2e50c-f583-4fe2-9402-985578f6b88b","ts":"2025-10-08T11:32:46.928-04:00","eventName":"n8n.node.finished","message":"n8n.node.finished","payload":{"workflowId":"7QpWYAveAZL9mQWM","workflowName":"My workflow","executionId":"42","nodeType":"n8n-nodes-base.webhook","nodeName":"Entrada","nodeId":"2c82bab7-1983-41dd-b68b-455074dbef3a"}}
{"__type":"$$EventMessageConfirm","confirm":"e5f2e50c-f583-4fe2-9402-985578f6b88b","ts":"2025-10-08T11:32:46.928-04:00","source":{"id":"0","name":"eventBus"}}
{"__type":"$$EventMessageNode","id":"00d3ba46-1e52-4e06-bd1d-84ff542f0507","ts":"2025-10-08T11:32:46.931-04:00","eventName":"n8n.node.started","message":"n8n.node.started","payload":{"workflowId":"7QpWYAveAZL9mQWM","workflowName":"My workflow","executionId":"42","nodeType":"n8n-nodes-base.httpRequest","nodeName":"GET Columns","nodeId":"98ece18c-3a7b-47c6-a7b2-ed3c52d0c033"}}
{"__type":"$$EventMessageConfirm","confirm":"00d3ba46-1e52-4e06-bd1d-84ff542f0507","ts":"2025-10-08T11:32:46.931-04:00","source":{"id":"0","name":"eventBus"}}
{"__type":"$$EventMessageNode","id":"bb3de2c4-ed4f-4707-bcab-03196639262d","ts":"2025-10-08T11:32:46.945-04:00","eventName":"n8n.node.finished","message":"n8n.node.finished","payload":{"workflowId":"7QpWYAveAZL9mQWM","workflowName":"My workflow","executionId":"42","nodeType":"n8n-nodes-base.httpRequest","nodeName":"GET Columns","nodeId":"98ece18c-3a7b-47c6-a7b2-ed3c52d0c033"}}
{"__type":"$$EventMessageConfirm","confirm":"bb3de2c4-ed4f-4707-bcab-03196639262d","ts":"2025-10-08T11:32:46.945-04:00","source":{"id":"0","name":"eventBus"}}
{"__type":"$$EventMessageNode","id":"f662c307-db99-4a8f-9bca-fbf2848639b6","ts":"2025-10-08T11:32:46.945-04:00","eventName":"n8n.node.started","message":"n8n.node.started","payload":{"workflowId":"7QpWYAveAZL9mQWM","workflowName":"My workflow","executionId":"42","nodeType":"n8n-nodes-base.code","nodeName":"Code in JavaScript","nodeId":"216a2625-201e-4e68-8a40-0fc753c3fc8e"}}
{"__type":"$$EventMessageConfirm","confirm":"f662c307-db99-4a8f-9bca-fbf2848639b6","ts":"2025-10-08T11:32:46.945-04:00","source":{"id":"0","name":"eventBus"}}
{"__type":"$$EventMessageNode","id":"50347c80-b5d8-4ff6-bf3c-9309a7f0286d","ts":"2025-10-08T11:32:46.953-04:00","eventName":"n8n.node.finished","message":"n8n.node.finished","payload":{"workflowId":"7QpWYAveAZL9mQWM","workflowName":"My workflow","executionId":"42","nodeType":"n8n-nodes-base.code","nodeName":"Code in JavaScript","nodeId":"216a2625-201e-4e68-8a40-0fc753c3fc8e"}}
{"__type":"$$EventMessageConfirm","confirm":"50347c80-b5d8-4ff6-bf3c-9309a7f0286d","ts":"2025-10-08T11:32:46.953-04:00","source":{"id":"0","name":"eventBus"}}
{"__type":"$$EventMessageNode","id":"c9e488a4-062a-4768-b0af-d84205039229","ts":"2025-10-08T11:32:46.954-04:00","eventName":"n8n.node.started","message":"n8n.node.started","payload":{"workflowId":"7QpWYAveAZL9mQWM","workflowName":"My workflow","executionId":"42","nodeType":"n8n-nodes-base.httpRequest","nodeName":"HTTP Request1","nodeId":"a02f000a-c95a-488b-b10a-48518aaaa219"}}
{"__type":"$$EventMessageConfirm","confirm":"c9e488a4-062a-4768-b0af-d84205039229","ts":"2025-10-08T11:32:46.954-04:00","source":{"id":"0","name":"eventBus"}}
{"__type":"$$EventMessageNode","id":"6b4d41e5-81db-4efc-8589-5b99c3ef86ca","ts":"2025-10-08T11:32:46.961-04:00","eventName":"n8n.node.finished","message":"n8n.node.finished","payload":{"workflowId":"7QpWYAveAZL9mQWM","workflowName":"My workflow","executionId":"42","nodeType":"n8n-nodes-base.httpRequest","nodeName":"HTTP Request1","nodeId":"a02f000a-c95a-488b-b10a-48518aaaa219"}}
{"__type":"$$EventMessageConfirm","confirm":"6b4d41e5-81db-4efc-8589-5b99c3ef86ca","ts":"2025-10-08T11:32:46.961-04:00","source":{"id":"0","name":"eventBus"}}
{"__type":"$$EventMessageNode","id":"65fa3bc0-3ce1-4352-aa19-a83e4792111a","ts":"2025-10-08T11:32:46.961-04:00","eventName":"n8n.node.started","message":"n8n.node.started","payload":{"workflowId":"7QpWYAveAZL9mQWM","workflowName":"My workflow","executionId":"42","nodeType":"n8n-nodes-base.set","nodeName":"Edit Fields","nodeId":"aa47e808-edf6-43dd-8979-2324ab01e929"}}
{"__type":"$$EventMessageConfirm","confirm":"65fa3bc0-3ce1-4352-aa19-a83e4792111a","ts":"2025-10-08T11:32:46.962-04:00","source":{"id":"0","name":"eventBus"}}
{"__type":"$$EventMessageNode","id":"d6c73f9f-8280-4838-bcaf-c8566dc7e37a","ts":"2025-10-08T11:32:46.967-04:00","eventName":"n8n.node.finished","message":"n8n.node.finished","payload":{"workflowId":"7QpWYAveAZL9mQWM","workflowName":"My workflow","executionId":"42","nodeType":"n8n-nodes-base.set","nodeName":"Edit Fields","nodeId":"aa47e808-edf6-43dd-8979-2324ab01e929"}}
{"__type":"$$EventMessageConfirm","confirm":"d6c73f9f-8280-4838-bcaf-c8566dc7e37a","ts":"2025-10-08T11:32:46.967-04:00","source":{"id":"0","name":"eventBus"}}
{"__type":"$$EventMessageNode","id":"ba246f90-05af-488c-8ed4-d403015a9056","ts":"2025-10-08T11:32:46.967-04:00","eventName":"n8n.node.started","message":"n8n.node.started","payload":{"workflowId":"7QpWYAveAZL9mQWM","workflowName":"My workflow","executionId":"42","nodeType":"n8n-nodes-base.convertToFile","nodeName":"Convert to File","nodeId":"62f22b0e-a357-4e1e-9259-1bba377efa95"}}
{"__type":"$$EventMessageConfirm","confirm":"ba246f90-05af-488c-8ed4-d403015a9056","ts":"2025-10-08T11:32:46.967-04:00","source":{"id":"0","name":"eventBus"}}
{"__type":"$$EventMessageNode","id":"d7de36a7-7389-4c5a-a15d-ef194d378d02","ts":"2025-10-08T11:32:46.969-04:00","eventName":"n8n.node.finished","message":"n8n.node.finished","payload":{"workflowId":"7QpWYAveAZL9mQWM","workflowName":"My workflow","executionId":"42","nodeType":"n8n-nodes-base.convertToFile","nodeName":"Convert to File","nodeId":"62f22b0e-a357-4e1e-9259-1bba377efa95"}}
{"__type":"$$EventMessageConfirm","confirm":"d7de36a7-7389-4c5a-a15d-ef194d378d02","ts":"2025-10-08T11:32:46.969-04:00","source":{"id":"0","name":"eventBus"}}
{"__type":"$$EventMessageNode","id":"af18539d-600d-45ab-b1e7-2c3729ea203f","ts":"2025-10-08T11:32:46.970-04:00","eventName":"n8n.node.started","message":"n8n.node.started","payload":{"workflowId":"7QpWYAveAZL9mQWM","workflowName":"My workflow","executionId":"42","nodeType":"n8n-nodes-base.emailSend","nodeName":"Send email","nodeId":"e3d6e3e1-aa1c-4812-aa25-8b96fe7af68a"}}
{"__type":"$$EventMessageConfirm","confirm":"af18539d-600d-45ab-b1e7-2c3729ea203f","ts":"2025-10-08T11:32:46.970-04:00","source":{"id":"0","name":"eventBus"}}
{"__type":"$$EventMessageNode","id":"f2071447-4bf3-4b87-927e-351a41de533e","ts":"2025-10-08T11:32:50.791-04:00","eventName":"n8n.node.finished","message":"n8n.node.finished","payload":{"workflowId":"7QpWYAveAZL9mQWM","workflowName":"My workflow","executionId":"42","nodeType":"n8n-nodes-base.emailSend","nodeName":"Send email","nodeId":"e3d6e3e1-aa1c-4812-aa25-8b96fe7af68a"}}
{"__type":"$$EventMessageConfirm","confirm":"f2071447-4bf3-4b87-927e-351a41de533e","ts":"2025-10-08T11:32:50.791-04:00","source":{"id":"0","name":"eventBus"}}
{"__type":"$$EventMessageNode","id":"869fa956-1370-4289-9d6e-fd4a91f89bdd","ts":"2025-10-08T11:32:50.792-04:00","eventName":"n8n.node.started","message":"n8n.node.started","payload":{"workflowId":"7QpWYAveAZL9mQWM","workflowName":"My workflow","executionId":"42","nodeType":"n8n-nodes-base.httpRequest","nodeName":"HTTP Request2","nodeId":"3a9212d6-d932-41c9-bad9-45187d383c49"}}
{"__type":"$$EventMessageConfirm","confirm":"869fa956-1370-4289-9d6e-fd4a91f89bdd","ts":"2025-10-08T11:32:50.792-04:00","source":{"id":"0","name":"eventBus"}}
{"__type":"$$EventMessageNode","id":"2ff381de-b7c2-4cfb-9dca-7db2e1351c1e","ts":"2025-10-08T11:32:50.802-04:00","eventName":"n8n.node.finished","message":"n8n.node.finished","payload":{"workflowId":"7QpWYAveAZL9mQWM","workflowName":"My workflow","executionId":"42","nodeType":"n8n-nodes-base.httpRequest","nodeName":"HTTP Request2","nodeId":"3a9212d6-d932-41c9-bad9-45187d383c49"}}
{"__type":"$$EventMessageConfirm","confirm":"2ff381de-b7c2-4cfb-9dca-7db2e1351c1e","ts":"2025-10-08T11:32:50.802-04:00","source":{"id":"0","name":"eventBus"}}
{"__type":"$$EventMessageWorkflow","id":"edcf6875-bc34-4917-9c05-a2716f49f799","ts":"2025-10-08T11:32:50.811-04:00","eventName":"n8n.workflow.success","message":"n8n.workflow.success","payload":{"executionId":"42","success":true,"isManual":true,"workflowId":"7QpWYAveAZL9mQWM","workflowName":"My workflow"}}
{"__type":"$$EventMessageConfirm","confirm":"edcf6875-bc34-4917-9c05-a2716f49f799","ts":"2025-10-08T11:32:50.811-04:00","source":{"id":"0","name":"eventBus"}}
